app/build/intermediates/manifest_merge_blame_file/release/manifest-merger-blame-release-report.txt
1<?xml version="1.0" encoding="utf-8"?>
2<manifest xmlns:android="http://schemas.android.com/apk/res/android"
3    package="aplikasi.mobile.uas_rental_mobil"
4    android:versionCode="2"
5    android:versionName="2.0" >
6
7    <uses-sdk
8        android:minSdkVersion="21"
9        android:targetSdkVersion="33" />
10
11    <application
11-->src\main\AndroidManifest.xml:4:5-24:19
12        android:allowBackup="true"
12-->src\main\AndroidManifest.xml:5:9-35
13        android:appComponentFactory="androidx.core.app.CoreComponentFactory"
13-->[androidx.core:core:1.1.0] AndroidManifest.xml:24:18-86
14        android:extractNativeLibs="true"
15        android:icon="@mipmap/ic_launcher"
15-->src\main\AndroidManifest.xml:6:9-43
16        android:label="@string/app_name"
16-->src\main\AndroidManifest.xml:7:9-41
17        android:roundIcon="@mipmap/ic_launcher_round"
17-->src\main\AndroidManifest.xml:8:9-54
18        android:supportsRtl="true"
18-->src\main\AndroidManifest.xml:9:9-35
19        android:theme="@style/AppTheme" >
19-->src\main\AndroidManifest.xml:10:9-40
20        <activity
20-->src\main\AndroidManifest.xml:11:9-18:20
21            android:name="aplikasi.mobile.uas_rental_mobil.activity.MainActivity"
21-->src\main\AndroidManifest.xml:11:19-56
22            android:exported="true" >
22-->src\main\AndroidManifest.xml:12:13-36
23            <intent-filter>
23-->src\main\AndroidManifest.xml:13:13-17:29
24                <action android:name="android.intent.action.MAIN" />
24-->src\main\AndroidManifest.xml:14:17-69
24-->src\main\AndroidManifest.xml:14:25-66
25
26                <category android:name="android.intent.category.LAUNCHER" />
26-->src\main\AndroidManifest.xml:16:17-77
26-->src\main\AndroidManifest.xml:16:27-74
27            </intent-filter>
28        </activity>
29        <activity android:name="aplikasi.mobile.uas_rental_mobil.activity.DaftarMobilActivity" />
29-->src\main\AndroidManifest.xml:19:9-66
29-->src\main\AndroidManifest.xml:19:19-63
30        <activity android:name="aplikasi.mobile.uas_rental_mobil.activity.PenyewaActivity" />
30-->src\main\AndroidManifest.xml:20:9-62
30-->src\main\AndroidManifest.xml:20:19-59
31        <activity android:name="aplikasi.mobile.uas_rental_mobil.activity.SewaMobilActivity" />
31-->src\main\AndroidManifest.xml:21:9-64
31-->src\main\AndroidManifest.xml:21:19-61
32        <activity android:name="aplikasi.mobile.uas_rental_mobil.activity.DetailMobilActivity" />
32-->src\main\AndroidManifest.xml:22:9-66
32-->src\main\AndroidManifest.xml:22:19-63
33        <activity android:name="aplikasi.mobile.uas_rental_mobil.activity.DetailPenyewaActivity" />
33-->src\main\AndroidManifest.xml:23:9-68
33-->src\main\AndroidManifest.xml:23:19-65
34    </application>
35
36</manifest>